{"level":"info","message":"ProductService corriendo en el puerto 3002","servicio":"ProductService","timestamp":"2026-04-15T17:25:18Z"}
{"level":"error","message":"Intento de acceso denegado desde IP: ::ffff:127.0.0.1","servicio":"ProductService","timestamp":"2026-04-15T17:25:45Z"}
{"level":"info","message":"Acceso autorizado para la ruta: /api/productos/nuevo","servicio":"ProductService","timestamp":"2026-04-15T17:28:08Z"}
{"level":"info","message":"Intento de creación de producto: Pantalón Azul","servicio":"ProductService","timestamp":"2026-04-15T17:28:08Z"}
{"id_producto":"prod-002","level":"info","message":"Simulando evento EVENT_PRODUCTO_CREADO hacia Inventarios","servicio":"ProductService","stock_inicial":20,"timestamp":"2026-04-15T17:28:08Z"}
{"level":"info","message":"ProductService corriendo en el puerto 3002","servicio":"ProductService","timestamp":"2026-04-15T17:56:26Z"}
{"level":"error","message":"BLOQUEO: Intento de bypass de Gateway desde IP: ::ffff:127.0.0.1","servicio":"ProductService","timestamp":"2026-04-15T17:56:33Z"}
{"level":"error","message":"BLOQUEO: Intento de bypass de Gateway desde IP: ::ffff:127.0.0.1","servicio":"ProductService","timestamp":"2026-04-15T17:57:21Z"}
{"level":"info","message":"ProductService corriendo en el puerto 3002","servicio":"ProductService","timestamp":"2026-04-15T17:57:35Z"}
{"level":"info","message":"Usuario usr-admin-001 intentando crear producto: Chamarra de Cuero","servicio":"ProductService","timestamp":"2026-04-15T17:57:37Z"}
{"level":"info","message":"ÉXITO SIMULADO: Producto prod-1307472d creado por usr-admin-001.","servicio":"ProductService","timestamp":"2026-04-15T17:57:37Z"}
{"level":"info","message":"ProductService corriendo en el puerto 3002","servicio":"ProductService","timestamp":"2026-04-15T18:07:57Z"}
{"level":"info","message":"ProductService corriendo en el puerto 3002","servicio":"ProductService","timestamp":"2026-04-15T18:10:23Z"}
{"level":"info","message":"ProductService corriendo en el puerto 3002","servicio":"ProductoService","timestamp":"2026-04-15T18:20:03Z"}
{"level":"info","message":"ProductService corriendo en el puerto 3002","servicio":"ProductoService","timestamp":"2026-04-15T18:31:00Z"}
{"level":"info","message":"ProductService corriendo en el puerto 3002","servicio":"ProductoService","timestamp":"2026-04-15T18:39:31Z"}
{"level":"info","message":"ProductService corriendo en el puerto 3002","servicio":"ProductoService","timestamp":"2026-04-15T18:47:00Z"}
{"level":"info","message":"Usuario usr-admin-001 intentando crear producto: Chamarra de Cuero","servicio":"ProductoService","timestamp":"2026-04-15T18:50:17Z"}
{"level":"info","message":"ÉXITO SIMULADO: Producto prod-116517d8 creado por usr-admin-001.","servicio":"ProductoService","timestamp":"2026-04-15T18:50:17Z"}
{"level":"info","message":"ProductService corriendo en el puerto 3002","servicio":"ProductoService","timestamp":"2026-04-15T18:52:01Z"}
{"level":"info","message":"ProductService corriendo en el puerto 3002","servicio":"ProductoService","timestamp":"2026-04-15T22:27:09Z"}
{"level":"error","message":"Error en el flujo de creación Cannot destructure property 'nombre' of 'req.body' as it is undefined.","servicio":"ProductoService","stack":"TypeError: Cannot destructure property 'nombre' of 'req.body' as it is undefined.\n    at crearProducto (C:\\Users\\Franco\\Documents\\Universidad\\8vo semestre\\ModaGlobal\\Backend\\ProductoService\\src\\controllers\\ProductoController.ts:8:17)\n    at Layer.handleRequest (C:\\Users\\Franco\\Documents\\Universidad\\8vo semestre\\ModaGlobal\\Backend\\ProductoService\\node_modules\\router\\lib\\layer.js:152:17)\n    at next (C:\\Users\\Franco\\Documents\\Universidad\\8vo semestre\\ModaGlobal\\Backend\\ProductoService\\node_modules\\router\\lib\\route.js:157:13)\n    at Route.dispatch (C:\\Users\\Franco\\Documents\\Universidad\\8vo semestre\\ModaGlobal\\Backend\\ProductoService\\node_modules\\router\\lib\\route.js:117:3)\n    at handle (C:\\Users\\Franco\\Documents\\Universidad\\8vo semestre\\ModaGlobal\\Backend\\ProductoService\\node_modules\\router\\index.js:435:11)\n    at Layer.handleRequest (C:\\Users\\Franco\\Documents\\Universidad\\8vo semestre\\ModaGlobal\\Backend\\ProductoService\\node_modules\\router\\lib\\layer.js:152:17)\n    at C:\\Users\\Franco\\Documents\\Universidad\\8vo semestre\\ModaGlobal\\Backend\\ProductoService\\node_modules\\router\\index.js:295:15\n    at processParams (C:\\Users\\Franco\\Documents\\Universidad\\8vo semestre\\ModaGlobal\\Backend\\ProductoService\\node_modules\\router\\index.js:582:12)\n    at next (C:\\Users\\Franco\\Documents\\Universidad\\8vo semestre\\ModaGlobal\\Backend\\ProductoService\\node_modules\\router\\index.js:291:5)\n    at verificarAccesoInterno (C:\\Users\\Franco\\Documents\\Universidad\\8vo semestre\\ModaGlobal\\Backend\\ProductoService\\src\\middlewares\\Security.ts:22:5)","timestamp":"2026-04-15T22:31:01Z"}
{"level":"info","message":"Usuario usr-admin-001 intentando crear producto: Chamarra de Cuero","servicio":"ProductoService","timestamp":"2026-04-15T22:31:23Z"}
{"level":"info","message":"ÉXITO SIMULADO: Producto prod-4369db94 creado por usr-admin-001.","servicio":"ProductoService","timestamp":"2026-04-15T22:31:23Z"}
{"level":"info","message":"ProductService corriendo en el puerto 3002","servicio":"ProductoService","timestamp":"2026-04-15T22:33:58Z"}
{"level":"info","message":"Usuario usr-admin-001 intentando crear producto: Chamarra de Cuero","servicio":"ProductoService","timestamp":"2026-04-15T22:34:14Z"}
{"level":"info","message":"ÉXITO SIMULADO: Producto prod-75f9a64e creado por usr-admin-001.","servicio":"ProductoService","timestamp":"2026-04-15T22:34:14Z"}
{"level":"info","message":"Usuario usr-admin-001 intentando crear producto: Chamarra de Cuero","servicio":"ProductoService","timestamp":"2026-04-15T22:36:45Z"}
{"level":"info","message":"ÉXITO SIMULADO: Producto prod-1e1e2c56 creado por usr-admin-001.","servicio":"ProductoService","timestamp":"2026-04-15T22:36:45Z"}
{"level":"info","message":"Usuario usr-admin-001 intentando crear producto: Chamarra de Cuero","servicio":"ProductoService","timestamp":"2026-04-15T22:37:03Z"}
{"level":"info","message":"ÉXITO SIMULADO: Producto prod-30184ad4 creado por usr-admin-001.","servicio":"ProductoService","timestamp":"2026-04-15T22:37:03Z"}
{"level":"info","message":"Usuario usr-admin-001 intentando crear producto: Chamarra de Cuero","servicio":"ProductoService","timestamp":"2026-04-15T22:37:08Z"}
{"level":"info","message":"ÉXITO SIMULADO: Producto prod-51122ffb creado por usr-admin-001.","servicio":"ProductoService","timestamp":"2026-04-15T22:37:08Z"}
{"level":"info","message":"Usuario usr-admin-001 intentando crear producto: Chamarra de Cuero","servicio":"ProductoService","timestamp":"2026-04-15T22:37:09Z"}
{"level":"info","message":"ÉXITO SIMULADO: Producto prod-3fa03565 creado por usr-admin-001.","servicio":"ProductoService","timestamp":"2026-04-15T22:37:09Z"}
{"level":"info","message":"Usuario usr-admin-001 intentando crear producto: Chamarra de Cuero","servicio":"ProductoService","timestamp":"2026-04-15T22:37:10Z"}
{"level":"info","message":"ÉXITO SIMULADO: Producto prod-152b3639 creado por usr-admin-001.","servicio":"ProductoService","timestamp":"2026-04-15T22:37:10Z"}
{"level":"info","message":"Usuario usr-admin-001 intentando crear producto: Chamarra de Cuero","servicio":"ProductoService","timestamp":"2026-04-15T22:37:10Z"}
{"level":"info","message":"ÉXITO SIMULADO: Producto prod-125b9abb creado por usr-admin-001.","servicio":"ProductoService","timestamp":"2026-04-15T22:37:10Z"}
{"level":"info","message":"Usuario usr-admin-001 intentando crear producto: Chamarra de Cuero","servicio":"ProductoService","timestamp":"2026-04-15T22:37:10Z"}
{"level":"info","message":"ÉXITO SIMULADO: Producto prod-0087f7b8 creado por usr-admin-001.","servicio":"ProductoService","timestamp":"2026-04-15T22:37:10Z"}
{"level":"info","message":"UsuarioService desplegado en el puerto 3002","servicio":"ProductoService","timestamp":"2026-04-15T22:44:11Z"}
{"level":"info","message":"Iniciando prueba de conexión a Azure...","servicio":"ProductoService","timestamp":"2026-04-15T22:44:11Z"}
{"code":"ELOGIN","level":"error","message":"Error fatal al crear el Pool de conexión a Azure SQL Cannot open server 'modaglobalserver' requested by the login. Client with IP address '201.159.208.177' is not allowed to access the server.  To enable access, use the Azure Management Portal or run sp_set_firewall_rule on the master database to create a firewall rule for this IP address or address range.  It may take up to five minutes for this change to take effect.","name":"ConnectionError","originalError":{"code":"ELOGIN"},"servicio":"ProductoService","stack":"ConnectionError: Cannot open server 'modaglobalserver' requested by the login. Client with IP address '201.159.208.177' is not allowed to access the server.  To enable access, use the Azure Management Portal or run sp_set_firewall_rule on the master database to create a firewall rule for this IP address or address range.  It may take up to five minutes for this change to take effect.\n    at connectListener (C:\\Users\\Franco\\Documents\\Universidad\\8vo semestre\\ModaGlobal\\Backend\\ProductoService\\node_modules\\mssql\\lib\\tedious\\connection-pool.js:85:17)\n    at Connection.onConnect (C:\\Users\\Franco\\Documents\\Universidad\\8vo semestre\\ModaGlobal\\Backend\\ProductoService\\node_modules\\tedious\\src\\connection.ts:1812:9)\n    at Object.onceWrapper (node:events:623:26)\n    at Connection.emit (node:events:508:28)\n    at Connection.emit (C:\\Users\\Franco\\Documents\\Universidad\\8vo semestre\\ModaGlobal\\Backend\\ProductoService\\node_modules\\tedious\\src\\connection.ts:1974:18)\n    at C:\\Users\\Franco\\Documents\\Universidad\\8vo semestre\\ModaGlobal\\Backend\\ProductoService\\node_modules\\tedious\\src\\connection.ts:1834:14\n    at processTicksAndRejections (node:internal/process/task_queues:85:11)","timestamp":"2026-04-15T22:44:12Z"}
{"level":"info","message":"ProductoService desplegado en el puerto 3002","servicio":"ProductoService","timestamp":"2026-04-15T22:44:52Z"}
{"level":"info","message":"Iniciando prueba de conexión a Azure...","servicio":"ProductoService","timestamp":"2026-04-15T22:44:52Z"}
{"code":"ELOGIN","level":"error","message":"Error fatal al crear el Pool de conexión a Azure SQL Cannot open server 'modaglobalserver' requested by the login. Client with IP address '201.159.208.177' is not allowed to access the server.  To enable access, use the Azure Management Portal or run sp_set_firewall_rule on the master database to create a firewall rule for this IP address or address range.  It may take up to five minutes for this change to take effect.","name":"ConnectionError","originalError":{"code":"ELOGIN"},"servicio":"ProductoService","stack":"ConnectionError: Cannot open server 'modaglobalserver' requested by the login. Client with IP address '201.159.208.177' is not allowed to access the server.  To enable access, use the Azure Management Portal or run sp_set_firewall_rule on the master database to create a firewall rule for this IP address or address range.  It may take up to five minutes for this change to take effect.\n    at connectListener (C:\\Users\\Franco\\Documents\\Universidad\\8vo semestre\\ModaGlobal\\Backend\\ProductoService\\node_modules\\mssql\\lib\\tedious\\connection-pool.js:85:17)\n    at Connection.onConnect (C:\\Users\\Franco\\Documents\\Universidad\\8vo semestre\\ModaGlobal\\Backend\\ProductoService\\node_modules\\tedious\\src\\connection.ts:1812:9)\n    at Object.onceWrapper (node:events:623:26)\n    at Connection.emit (node:events:508:28)\n    at Connection.emit (C:\\Users\\Franco\\Documents\\Universidad\\8vo semestre\\ModaGlobal\\Backend\\ProductoService\\node_modules\\tedious\\src\\connection.ts:1974:18)\n    at C:\\Users\\Franco\\Documents\\Universidad\\8vo semestre\\ModaGlobal\\Backend\\ProductoService\\node_modules\\tedious\\src\\connection.ts:1834:14\n    at processTicksAndRejections (node:internal/process/task_queues:85:11)","timestamp":"2026-04-15T22:44:52Z"}
{"level":"info","message":"ProductoService desplegado en el puerto 3002","servicio":"ProductoService","timestamp":"2026-04-15T23:29:06Z"}
{"level":"info","message":"Iniciando prueba de conexión a Azure...","servicio":"ProductoService","timestamp":"2026-04-15T23:29:06Z"}
{"level":"info","message":"Conexión establecida exitosamente con el Pool de Azure SQL.","servicio":"ProductoService","timestamp":"2026-04-15T23:29:07Z"}
{"horaAzure":"2026-04-16T05:29:07.193Z","level":"info","message":"✅ Ping a Azure exitoso. La base de datos responde correctamente.","servicio":"ProductoService","timestamp":"2026-04-15T23:29:07Z","version":"Microsoft SQL Azure (RTM) - 12..."}
{"level":"info","message":"ProductoService desplegado en el puerto 3002","servicio":"ProductoService","timestamp":"2026-04-16T11:58:50Z"}
{"level":"info","message":"Iniciando prueba de conexión a Azure...","servicio":"ProductoService","timestamp":"2026-04-16T11:58:50Z"}
{"level":"info","message":"Conexión establecida exitosamente con el Pool de Azure SQL.","servicio":"ProductoService","timestamp":"2026-04-16T11:58:51Z"}
{"horaAzure":"2026-04-16T17:58:51.530Z","level":"info","message":"✅ Ping a Azure exitoso. La base de datos responde correctamente.","servicio":"ProductoService","timestamp":"2026-04-16T11:58:51Z","version":"Microsoft SQL Azure (RTM) - 12..."}
{"level":"info","message":"ProductoService desplegado en el puerto 3002","servicio":"ProductoService","timestamp":"2026-04-16T12:10:43Z"}
{"level":"info","message":"Iniciando prueba de conexión a Azure...","servicio":"ProductoService","timestamp":"2026-04-16T12:10:43Z"}
{"level":"info","message":"Conexión establecida exitosamente con el Pool de Azure SQL.","servicio":"ProductoService","timestamp":"2026-04-16T12:10:43Z"}
{"horaAzure":"2026-04-16T18:10:43.967Z","level":"info","message":"✅ Ping a Azure exitoso. La base de datos responde correctamente.","servicio":"ProductoService","timestamp":"2026-04-16T12:10:43Z","version":"Microsoft SQL Azure (RTM) - 12..."}
{"level":"info","message":"ProductoService desplegado en el puerto 3002","servicio":"ProductoService","timestamp":"2026-04-16T12:10:56Z"}
{"level":"info","message":"Iniciando prueba de conexión a Azure...","servicio":"ProductoService","timestamp":"2026-04-16T12:10:56Z"}
{"level":"info","message":"Conexión establecida exitosamente con el Pool de Azure SQL.","servicio":"ProductoService","timestamp":"2026-04-16T12:10:57Z"}
{"horaAzure":"2026-04-16T18:10:57.220Z","level":"info","message":"✅ Ping a Azure exitoso. La base de datos responde correctamente.","servicio":"ProductoService","timestamp":"2026-04-16T12:10:57Z","version":"Microsoft SQL Azure (RTM) - 12..."}
{"level":"info","message":"ProductoService desplegado en el puerto 3002","servicio":"ProductoService","timestamp":"2026-04-16T12:13:15Z"}
{"level":"info","message":"Iniciando prueba de conexión a Azure...","servicio":"ProductoService","timestamp":"2026-04-16T12:13:15Z"}
{"level":"info","message":"Conexión establecida exitosamente con el Pool de Azure SQL.","servicio":"ProductoService","timestamp":"2026-04-16T12:13:15Z"}
{"horaAzure":"2026-04-16T18:13:15.973Z","level":"info","message":"✅ Ping a Azure exitoso. La base de datos responde correctamente.","servicio":"ProductoService","timestamp":"2026-04-16T12:13:15Z","version":"Microsoft SQL Azure (RTM) - 12..."}
{"level":"info","message":"Conectado exitosamente a Azure Service Bus (Tópico: tienda.productos)","servicio":"ProductoService","timestamp":"2026-04-16T13:46:27Z"}
{"level":"info","message":"ProductoService desplegado en el puerto 3002","servicio":"ProductoService","timestamp":"2026-04-16T13:46:27Z"}
{"level":"info","message":"Iniciando prueba de conexión a Azure...","servicio":"ProductoService","timestamp":"2026-04-16T13:46:27Z"}
{"level":"info","message":"Conexión establecida exitosamente con el Pool de Azure SQL.","servicio":"ProductoService","timestamp":"2026-04-16T13:46:27Z"}
{"horaAzure":"2026-04-16T19:46:27.523Z","level":"info","message":"✅ Ping a Azure exitoso. La base de datos responde correctamente.","servicio":"ProductoService","timestamp":"2026-04-16T13:46:27Z","version":"Microsoft SQL Azure (RTM) - 12..."}
{"level":"error","message":"BLOQUEO: Intento de bypass de Gateway desde IP: ::ffff:127.0.0.1","servicio":"ProductoService","timestamp":"2026-04-16T13:49:16Z"}
{"class":16,"code":"EREQUEST","level":"error","lineNumber":4,"message":"Error creando producto The INSERT statement conflicted with the FOREIGN KEY constraint \"FK_productos_categorias\". The conflict occurred in database \"modaglobal_productos\", table \"dbo.categorias\", column 'id_categoria'.","name":"RequestError","number":547,"originalError":{"info":{"class":16,"handlerName":"onErrorMessage","lineNumber":4,"message":"The INSERT statement conflicted with the FOREIGN KEY constraint \"FK_productos_categorias\". The conflict occurred in database \"modaglobal_productos\", table \"dbo.categorias\", column 'id_categoria'.","name":"ERROR","number":547,"procName":"","serverName":"modaglobalserver","state":0}},"precedingErrors":[],"procName":"","serverName":"modaglobalserver","servicio":"ProductoService","stack":"RequestError: The INSERT statement conflicted with the FOREIGN KEY constraint \"FK_productos_categorias\". The conflict occurred in database \"modaglobal_productos\", table \"dbo.categorias\", column 'id_categoria'.\n    at handleError (C:\\Users\\Franco\\Documents\\Universidad\\8vo semestre\\ModaGlobal\\Backend\\ProductoService\\node_modules\\mssql\\lib\\tedious\\request.js:400:15)\n    at Connection.emit (node:events:508:28)\n    at Connection.emit (C:\\Users\\Franco\\Documents\\Universidad\\8vo semestre\\ModaGlobal\\Backend\\ProductoService\\node_modules\\tedious\\src\\connection.ts:1974:18)\n    at RequestTokenHandler.onErrorMessage (C:\\Users\\Franco\\Documents\\Universidad\\8vo semestre\\ModaGlobal\\Backend\\ProductoService\\node_modules\\tedious\\src\\token\\handler.ts:386:21)\n    at Readable.<anonymous> (C:\\Users\\Franco\\Documents\\Universidad\\8vo semestre\\ModaGlobal\\Backend\\ProductoService\\node_modules\\tedious\\src\\token\\token-stream-parser.ts:23:55)\n    at Readable.emit (node:events:508:28)\n    at addChunk (node:internal/streams/readable:563:12)\n    at readableAddChunkPushObjectMode (node:internal/streams/readable:540:3)\n    at Readable.push (node:internal/streams/readable:395:5)\n    at nextAsync (node:internal/streams/from:194:22)","timestamp":"2026-04-16T13:50:57Z"}
{"level":"info","message":"Producto prod-7aec3f33 creado en Base de Datos.","servicio":"ProductoService","timestamp":"2026-04-16T13:57:53Z"}
{"level":"info","message":"Evento emitido al Bus 📢: [PRODUCTO_CREADO] para ID: prod-7aec3f33","servicio":"ProductoService","timestamp":"2026-04-16T13:57:54Z"}
{"level":"info","message":"Producto prod-88820e0a creado en Base de Datos.","servicio":"ProductoService","timestamp":"2026-04-16T14:03:51Z"}
{"level":"info","message":"Evento emitido al Bus 📢: [PRODUCTO_CREADO] para ID: prod-88820e0a","servicio":"ProductoService","timestamp":"2026-04-16T14:03:51Z"}
{"level":"info","message":"Producto prod-d2cec742 creado en Base de Datos.","servicio":"ProductoService","timestamp":"2026-04-16T14:04:28Z"}
{"level":"info","message":"Evento emitido al Bus 📢: [PRODUCTO_CREADO] para ID: prod-d2cec742","servicio":"ProductoService","timestamp":"2026-04-16T14:04:28Z"}
{"level":"info","message":"Conectado exitosamente a Azure Service Bus (Tópico: tienda.productos)","servicio":"ProductoService","timestamp":"2026-04-16T14:08:55Z"}
{"level":"info","message":"ProductoService desplegado en el puerto 3002","servicio":"ProductoService","timestamp":"2026-04-16T14:08:55Z"}
{"level":"info","message":"Iniciando prueba de conexión a Azure...","servicio":"ProductoService","timestamp":"2026-04-16T14:08:55Z"}
{"level":"info","message":"Conexión establecida exitosamente con el Pool de Azure SQL.","servicio":"ProductoService","timestamp":"2026-04-16T14:08:56Z"}
{"horaAzure":"2026-04-16T20:08:56.737Z","level":"info","message":"✅ Ping a Azure exitoso. La base de datos responde correctamente.","servicio":"ProductoService","timestamp":"2026-04-16T14:08:56Z","version":"Microsoft SQL Azure (RTM) - 12..."}
{"level":"info","message":"Producto prod-f1fd14f7 creado en Base de Datos.","servicio":"ProductoService","timestamp":"2026-04-16T14:20:06Z"}
{"level":"info","message":"Evento emitido al Bus 📢: [PRODUCTO_CREADO] para ID: prod-f1fd14f7","servicio":"ProductoService","timestamp":"2026-04-16T14:20:07Z"}
{"level":"info","message":"Producto prod-41f051d0 creado en Base de Datos.","servicio":"ProductoService","timestamp":"2026-04-16T14:24:50Z"}
{"level":"info","message":"Evento emitido al Bus 📢: [PRODUCTO_CREADO] para ID: prod-41f051d0","servicio":"ProductoService","timestamp":"2026-04-16T14:24:51Z"}
{"level":"info","message":"Producto prod-145bcd05 creado en Base de Datos.","servicio":"ProductoService","timestamp":"2026-04-16T14:29:00Z"}
{"level":"info","message":"Evento emitido al Bus 📢: [PRODUCTO_CREADO] para ID: prod-145bcd05","servicio":"ProductoService","timestamp":"2026-04-16T14:29:00Z"}
{"level":"info","message":"Producto prod-95190b9f creado en Base de Datos.","servicio":"ProductoService","timestamp":"2026-04-16T14:29:18Z"}
{"level":"info","message":"Evento emitido al Bus 📢: [PRODUCTO_CREADO] para ID: prod-95190b9f","servicio":"ProductoService","timestamp":"2026-04-16T14:29:18Z"}
{"level":"info","message":"Producto prod-e0528f9b creado en Base de Datos.","servicio":"ProductoService","timestamp":"2026-04-16T14:29:26Z"}
{"level":"info","message":"Evento emitido al Bus 📢: [PRODUCTO_CREADO] para ID: prod-e0528f9b","servicio":"ProductoService","timestamp":"2026-04-16T14:29:26Z"}
{"level":"info","message":"Producto prod-581d6905 creado en Base de Datos.","servicio":"ProductoService","timestamp":"2026-04-16T14:29:35Z"}
{"level":"info","message":"Evento emitido al Bus 📢: [PRODUCTO_CREADO] para ID: prod-581d6905","servicio":"ProductoService","timestamp":"2026-04-16T14:29:35Z"}
{"level":"info","message":"Conectado exitosamente a Azure Service Bus (Tópico: tienda.productos)","servicio":"ProductoService","timestamp":"2026-04-16T15:00:03Z"}
{"level":"info","message":"ProductoService desplegado en el puerto 3002","servicio":"ProductoService","timestamp":"2026-04-16T15:00:03Z"}
{"level":"info","message":"Iniciando prueba de conexión a Azure...","servicio":"ProductoService","timestamp":"2026-04-16T15:00:03Z"}
{"level":"info","message":"Conexión establecida exitosamente con el Pool de Azure SQL.","servicio":"ProductoService","timestamp":"2026-04-16T15:00:03Z"}
{"horaAzure":"2026-04-16T21:00:04.150Z","level":"info","message":"✅ Ping a Azure exitoso. La base de datos responde correctamente.","servicio":"ProductoService","timestamp":"2026-04-16T15:00:04Z","version":"Microsoft SQL Azure (RTM) - 12..."}
{"level":"error","message":"Error creando producto Cannot destructure property 'nombre' of 'req.body' as it is undefined.","servicio":"ProductoService","stack":"TypeError: Cannot destructure property 'nombre' of 'req.body' as it is undefined.\n    at crearProducto (C:\\Users\\Franco\\Documents\\Universidad\\8vo semestre\\ModaGlobal\\Backend\\ProductoService\\src\\controllers\\ProductoController.ts:69:17)\n    at Layer.handleRequest (C:\\Users\\Franco\\Documents\\Universidad\\8vo semestre\\ModaGlobal\\Backend\\ProductoService\\node_modules\\router\\lib\\layer.js:152:17)\n    at next (C:\\Users\\Franco\\Documents\\Universidad\\8vo semestre\\ModaGlobal\\Backend\\ProductoService\\node_modules\\router\\lib\\route.js:157:13)\n    at C:\\Users\\Franco\\Documents\\Universidad\\8vo semestre\\ModaGlobal\\Backend\\ProductoService\\src\\middlewares\\Security.ts:50:9\n    at Layer.handleRequest (C:\\Users\\Franco\\Documents\\Universidad\\8vo semestre\\ModaGlobal\\Backend\\ProductoService\\node_modules\\router\\lib\\layer.js:152:17)\n    at next (C:\\Users\\Franco\\Documents\\Universidad\\8vo semestre\\ModaGlobal\\Backend\\ProductoService\\node_modules\\router\\lib\\route.js:157:13)\n    at Route.dispatch (C:\\Users\\Franco\\Documents\\Universidad\\8vo semestre\\ModaGlobal\\Backend\\ProductoService\\node_modules\\router\\lib\\route.js:117:3)\n    at handle (C:\\Users\\Franco\\Documents\\Universidad\\8vo semestre\\ModaGlobal\\Backend\\ProductoService\\node_modules\\router\\index.js:435:11)\n    at Layer.handleRequest (C:\\Users\\Franco\\Documents\\Universidad\\8vo semestre\\ModaGlobal\\Backend\\ProductoService\\node_modules\\router\\lib\\layer.js:152:17)\n    at C:\\Users\\Franco\\Documents\\Universidad\\8vo semestre\\ModaGlobal\\Backend\\ProductoService\\node_modules\\router\\index.js:295:15","timestamp":"2026-04-16T15:03:34Z"}
{"level":"info","message":"Conectado exitosamente a Azure Service Bus (Tópico: tienda.productos)","servicio":"ProductoService","timestamp":"2026-04-16T15:05:32Z"}
{"level":"info","message":"ProductoService desplegado en el puerto 3002","servicio":"ProductoService","timestamp":"2026-04-16T15:05:32Z"}
{"level":"info","message":"Iniciando prueba de conexión a Azure...","servicio":"ProductoService","timestamp":"2026-04-16T15:05:32Z"}
{"level":"info","message":"Conexión establecida exitosamente con el Pool de Azure SQL.","servicio":"ProductoService","timestamp":"2026-04-16T15:05:32Z"}
{"horaAzure":"2026-04-16T21:05:32.927Z","level":"info","message":"✅ Ping a Azure exitoso. La base de datos responde correctamente.","servicio":"ProductoService","timestamp":"2026-04-16T15:05:32Z","version":"Microsoft SQL Azure (RTM) - 12..."}
{"level":"info","message":"Conectado exitosamente a Azure Service Bus (Tópico: tienda.productos)","servicio":"ProductoService","timestamp":"2026-04-16T15:07:39Z"}
{"level":"info","message":"ProductoService desplegado en el puerto 3002","servicio":"ProductoService","timestamp":"2026-04-16T15:07:39Z"}
{"level":"info","message":"Iniciando prueba de conexión a Azure...","servicio":"ProductoService","timestamp":"2026-04-16T15:07:39Z"}
{"level":"info","message":"Conexión establecida exitosamente con el Pool de Azure SQL.","servicio":"ProductoService","timestamp":"2026-04-16T15:07:40Z"}
{"horaAzure":"2026-04-16T21:07:40.417Z","level":"info","message":"✅ Ping a Azure exitoso. La base de datos responde correctamente.","servicio":"ProductoService","timestamp":"2026-04-16T15:07:40Z","version":"Microsoft SQL Azure (RTM) - 12..."}
{"level":"info","message":"Conectado exitosamente a Azure Service Bus (Tópico: tienda.productos)","servicio":"ProductoService","timestamp":"2026-04-16T15:08:22Z"}
{"level":"info","message":"ProductoService desplegado en el puerto 3002","servicio":"ProductoService","timestamp":"2026-04-16T15:08:22Z"}
{"level":"info","message":"Iniciando prueba de conexión a Azure...","servicio":"ProductoService","timestamp":"2026-04-16T15:08:22Z"}
{"level":"info","message":"Conexión establecida exitosamente con el Pool de Azure SQL.","servicio":"ProductoService","timestamp":"2026-04-16T15:08:22Z"}
{"horaAzure":"2026-04-16T21:08:22.890Z","level":"info","message":"✅ Ping a Azure exitoso. La base de datos responde correctamente.","servicio":"ProductoService","timestamp":"2026-04-16T15:08:22Z","version":"Microsoft SQL Azure (RTM) - 12..."}
{"level":"info","message":"Conectado exitosamente a Azure Service Bus (Tópico: tienda.productos)","servicio":"ProductoService","timestamp":"2026-04-16T15:10:41Z"}
{"level":"info","message":"ProductoService desplegado en el puerto 3002","servicio":"ProductoService","timestamp":"2026-04-16T15:10:41Z"}
{"level":"info","message":"Iniciando prueba de conexión a Azure...","servicio":"ProductoService","timestamp":"2026-04-16T15:10:41Z"}
{"level":"info","message":"Conexión establecida exitosamente con el Pool de Azure SQL.","servicio":"ProductoService","timestamp":"2026-04-16T15:10:41Z"}
{"horaAzure":"2026-04-16T21:10:42.130Z","level":"info","message":"✅ Ping a Azure exitoso. La base de datos responde correctamente.","servicio":"ProductoService","timestamp":"2026-04-16T15:10:42Z","version":"Microsoft SQL Azure (RTM) - 12..."}
{"level":"info","message":"Producto prod-e345ae87 creado en Base de Datos.","servicio":"ProductoService","timestamp":"2026-04-16T15:18:12Z"}
{"level":"info","message":"Evento emitido al Bus 📢: [PRODUCTO_CREADO] para ID: prod-e345ae87","servicio":"ProductoService","timestamp":"2026-04-16T15:18:14Z"}
{"level":"info","message":"Conectado exitosamente a Azure Service Bus (Tópico: tienda.productos)","servicio":"ProductoService","timestamp":"2026-04-17T01:26:01Z"}
{"level":"info","message":"ProductoService desplegado en el puerto 3002","servicio":"ProductoService","timestamp":"2026-04-17T01:26:02Z"}
{"level":"info","message":"Iniciando prueba de conexión a Azure...","servicio":"ProductoService","timestamp":"2026-04-17T01:26:02Z"}
{"level":"info","message":"Conexión establecida exitosamente con el Pool de Azure SQL.","servicio":"ProductoService","timestamp":"2026-04-17T01:26:02Z"}
{"horaAzure":"2026-04-17T07:26:03.560Z","level":"info","message":"✅ Ping a Azure exitoso. La base de datos responde correctamente.","servicio":"ProductoService","timestamp":"2026-04-17T01:26:03Z","version":"Microsoft SQL Azure (RTM) - 12..."}
{"class":15,"code":"EREQUEST","level":"error","lineNumber":15,"message":"Error obteniendo catálogo paginado The variable name '@TotalRecords' has already been declared. Variable names must be unique within a query batch or stored procedure.","name":"RequestError","number":134,"originalError":{"info":{"class":15,"handlerName":"onErrorMessage","lineNumber":15,"message":"The variable name '@TotalRecords' has already been declared. Variable names must be unique within a query batch or stored procedure.","name":"ERROR","number":134,"procName":"","serverName":"modaglobalserver","state":1}},"precedingErrors":[],"procName":"","serverName":"modaglobalserver","servicio":"ProductoService","stack":"RequestError: The variable name '@TotalRecords' has already been declared. Variable names must be unique within a query batch or stored procedure.\n    at handleError (C:\\Users\\Franco\\Documents\\Universidad\\8vo semestre\\ModaGlobal\\Backend\\ProductoService\\node_modules\\mssql\\lib\\tedious\\request.js:400:15)\n    at Connection.emit (node:events:508:28)\n    at Connection.emit (C:\\Users\\Franco\\Documents\\Universidad\\8vo semestre\\ModaGlobal\\Backend\\ProductoService\\node_modules\\tedious\\src\\connection.ts:1974:18)\n    at RequestTokenHandler.onErrorMessage (C:\\Users\\Franco\\Documents\\Universidad\\8vo semestre\\ModaGlobal\\Backend\\ProductoService\\node_modules\\tedious\\src\\token\\handler.ts:386:21)\n    at Readable.<anonymous> (C:\\Users\\Franco\\Documents\\Universidad\\8vo semestre\\ModaGlobal\\Backend\\ProductoService\\node_modules\\tedious\\src\\token\\token-stream-parser.ts:23:55)\n    at Readable.emit (node:events:508:28)\n    at addChunk (node:internal/streams/readable:563:12)\n    at readableAddChunkPushObjectMode (node:internal/streams/readable:540:3)\n    at Readable.push (node:internal/streams/readable:395:5)\n    at nextAsync (node:internal/streams/from:194:22)","state":1,"timestamp":"2026-04-17T01:26:09Z"}
{"class":15,"code":"EREQUEST","level":"error","lineNumber":15,"message":"Error obteniendo catálogo paginado The variable name '@TotalRecords' has already been declared. Variable names must be unique within a query batch or stored procedure.","name":"RequestError","number":134,"originalError":{"info":{"class":15,"handlerName":"onErrorMessage","lineNumber":15,"message":"The variable name '@TotalRecords' has already been declared. Variable names must be unique within a query batch or stored procedure.","name":"ERROR","number":134,"procName":"","serverName":"modaglobalserver","state":1}},"precedingErrors":[],"procName":"","serverName":"modaglobalserver","servicio":"ProductoService","stack":"RequestError: The variable name '@TotalRecords' has already been declared. Variable names must be unique within a query batch or stored procedure.\n    at handleError (C:\\Users\\Franco\\Documents\\Universidad\\8vo semestre\\ModaGlobal\\Backend\\ProductoService\\node_modules\\mssql\\lib\\tedious\\request.js:400:15)\n    at Connection.emit (node:events:508:28)\n    at Connection.emit (C:\\Users\\Franco\\Documents\\Universidad\\8vo semestre\\ModaGlobal\\Backend\\ProductoService\\node_modules\\tedious\\src\\connection.ts:1974:18)\n    at RequestTokenHandler.onErrorMessage (C:\\Users\\Franco\\Documents\\Universidad\\8vo semestre\\ModaGlobal\\Backend\\ProductoService\\node_modules\\tedious\\src\\token\\handler.ts:386:21)\n    at Readable.<anonymous> (C:\\Users\\Franco\\Documents\\Universidad\\8vo semestre\\ModaGlobal\\Backend\\ProductoService\\node_modules\\tedious\\src\\token\\token-stream-parser.ts:23:55)\n    at Readable.emit (node:events:508:28)\n    at addChunk (node:internal/streams/readable:563:12)\n    at readableAddChunkPushObjectMode (node:internal/streams/readable:540:3)\n    at Readable.push (node:internal/streams/readable:395:5)\n    at nextAsync (node:internal/streams/from:194:22)","state":1,"timestamp":"2026-04-17T01:26:10Z"}
{"class":15,"code":"EREQUEST","level":"error","lineNumber":15,"message":"Error obteniendo catálogo paginado The variable name '@TotalRecords' has already been declared. Variable names must be unique within a query batch or stored procedure.","name":"RequestError","number":134,"originalError":{"info":{"class":15,"handlerName":"onErrorMessage","lineNumber":15,"message":"The variable name '@TotalRecords' has already been declared. Variable names must be unique within a query batch or stored procedure.","name":"ERROR","number":134,"procName":"","serverName":"modaglobalserver","state":1}},"precedingErrors":[],"procName":"","serverName":"modaglobalserver","servicio":"ProductoService","stack":"RequestError: The variable name '@TotalRecords' has already been declared. Variable names must be unique within a query batch or stored procedure.\n    at handleError (C:\\Users\\Franco\\Documents\\Universidad\\8vo semestre\\ModaGlobal\\Backend\\ProductoService\\node_modules\\mssql\\lib\\tedious\\request.js:400:15)\n    at Connection.emit (node:events:508:28)\n    at Connection.emit (C:\\Users\\Franco\\Documents\\Universidad\\8vo semestre\\ModaGlobal\\Backend\\ProductoService\\node_modules\\tedious\\src\\connection.ts:1974:18)\n    at RequestTokenHandler.onErrorMessage (C:\\Users\\Franco\\Documents\\Universidad\\8vo semestre\\ModaGlobal\\Backend\\ProductoService\\node_modules\\tedious\\src\\token\\handler.ts:386:21)\n    at Readable.<anonymous> (C:\\Users\\Franco\\Documents\\Universidad\\8vo semestre\\ModaGlobal\\Backend\\ProductoService\\node_modules\\tedious\\src\\token\\token-stream-parser.ts:23:55)\n    at Readable.emit (node:events:508:28)\n    at addChunk (node:internal/streams/readable:563:12)\n    at readableAddChunkPushObjectMode (node:internal/streams/readable:540:3)\n    at Readable.push (node:internal/streams/readable:395:5)\n    at nextAsync (node:internal/streams/from:194:22)","state":1,"timestamp":"2026-04-17T01:27:53Z"}
{"class":15,"code":"EREQUEST","level":"error","lineNumber":15,"message":"Error obteniendo catálogo paginado The variable name '@TotalRecords' has already been declared. Variable names must be unique within a query batch or stored procedure.","name":"RequestError","number":134,"originalError":{"info":{"class":15,"handlerName":"onErrorMessage","lineNumber":15,"message":"The variable name '@TotalRecords' has already been declared. Variable names must be unique within a query batch or stored procedure.","name":"ERROR","number":134,"procName":"","serverName":"modaglobalserver","state":1}},"precedingErrors":[],"procName":"","serverName":"modaglobalserver","servicio":"ProductoService","stack":"RequestError: The variable name '@TotalRecords' has already been declared. Variable names must be unique within a query batch or stored procedure.\n    at handleError (C:\\Users\\Franco\\Documents\\Universidad\\8vo semestre\\ModaGlobal\\Backend\\ProductoService\\node_modules\\mssql\\lib\\tedious\\request.js:400:15)\n    at Connection.emit (node:events:508:28)\n    at Connection.emit (C:\\Users\\Franco\\Documents\\Universidad\\8vo semestre\\ModaGlobal\\Backend\\ProductoService\\node_modules\\tedious\\src\\connection.ts:1974:18)\n    at RequestTokenHandler.onErrorMessage (C:\\Users\\Franco\\Documents\\Universidad\\8vo semestre\\ModaGlobal\\Backend\\ProductoService\\node_modules\\tedious\\src\\token\\handler.ts:386:21)\n    at Readable.<anonymous> (C:\\Users\\Franco\\Documents\\Universidad\\8vo semestre\\ModaGlobal\\Backend\\ProductoService\\node_modules\\tedious\\src\\token\\token-stream-parser.ts:23:55)\n    at Readable.emit (node:events:508:28)\n    at addChunk (node:internal/streams/readable:563:12)\n    at readableAddChunkPushObjectMode (node:internal/streams/readable:540:3)\n    at Readable.push (node:internal/streams/readable:395:5)\n    at nextAsync (node:internal/streams/from:194:22)","state":1,"timestamp":"2026-04-17T01:27:53Z"}
{"level":"info","message":"Conectado exitosamente a Azure Service Bus (Tópico: tienda.productos)","servicio":"ProductoService","timestamp":"2026-04-17T01:29:07Z"}
{"level":"info","message":"ProductoService desplegado en el puerto 3002","servicio":"ProductoService","timestamp":"2026-04-17T01:29:07Z"}
{"level":"info","message":"Iniciando prueba de conexión a Azure...","servicio":"ProductoService","timestamp":"2026-04-17T01:29:07Z"}
{"level":"info","message":"Conexión establecida exitosamente con el Pool de Azure SQL.","servicio":"ProductoService","timestamp":"2026-04-17T01:29:08Z"}
{"horaAzure":"2026-04-17T07:29:09.030Z","level":"info","message":"✅ Ping a Azure exitoso. La base de datos responde correctamente.","servicio":"ProductoService","timestamp":"2026-04-17T01:29:08Z","version":"Microsoft SQL Azure (RTM) - 12..."}
{"class":15,"code":"EREQUEST","level":"error","lineNumber":15,"message":"Error obteniendo catálogo paginado The variable name '@TotalRecords' has already been declared. Variable names must be unique within a query batch or stored procedure.","name":"RequestError","number":134,"originalError":{"info":{"class":15,"handlerName":"onErrorMessage","lineNumber":15,"message":"The variable name '@TotalRecords' has already been declared. Variable names must be unique within a query batch or stored procedure.","name":"ERROR","number":134,"procName":"","serverName":"modaglobalserver","state":1}},"precedingErrors":[],"procName":"","serverName":"modaglobalserver","servicio":"ProductoService","stack":"RequestError: The variable name '@TotalRecords' has already been declared. Variable names must be unique within a query batch or stored procedure.\n    at handleError (C:\\Users\\Franco\\Documents\\Universidad\\8vo semestre\\ModaGlobal\\Backend\\ProductoService\\node_modules\\mssql\\lib\\tedious\\request.js:400:15)\n    at Connection.emit (node:events:508:28)\n    at Connection.emit (C:\\Users\\Franco\\Documents\\Universidad\\8vo semestre\\ModaGlobal\\Backend\\ProductoService\\node_modules\\tedious\\src\\connection.ts:1974:18)\n    at RequestTokenHandler.onErrorMessage (C:\\Users\\Franco\\Documents\\Universidad\\8vo semestre\\ModaGlobal\\Backend\\ProductoService\\node_modules\\tedious\\src\\token\\handler.ts:386:21)\n    at Readable.<anonymous> (C:\\Users\\Franco\\Documents\\Universidad\\8vo semestre\\ModaGlobal\\Backend\\ProductoService\\node_modules\\tedious\\src\\token\\token-stream-parser.ts:23:55)\n    at Readable.emit (node:events:508:28)\n    at addChunk (node:internal/streams/readable:563:12)\n    at readableAddChunkPushObjectMode (node:internal/streams/readable:540:3)\n    at Readable.push (node:internal/streams/readable:395:5)\n    at nextAsync (node:internal/streams/from:194:22)","state":1,"timestamp":"2026-04-17T01:29:11Z"}
{"class":15,"code":"EREQUEST","level":"error","lineNumber":15,"message":"Error obteniendo catálogo paginado The variable name '@TotalRecords' has already been declared. Variable names must be unique within a query batch or stored procedure.","name":"RequestError","number":134,"originalError":{"info":{"class":15,"handlerName":"onErrorMessage","lineNumber":15,"message":"The variable name '@TotalRecords' has already been declared. Variable names must be unique within a query batch or stored procedure.","name":"ERROR","number":134,"procName":"","serverName":"modaglobalserver","state":1}},"precedingErrors":[],"procName":"","serverName":"modaglobalserver","servicio":"ProductoService","stack":"RequestError: The variable name '@TotalRecords' has already been declared. Variable names must be unique within a query batch or stored procedure.\n    at handleError (C:\\Users\\Franco\\Documents\\Universidad\\8vo semestre\\ModaGlobal\\Backend\\ProductoService\\node_modules\\mssql\\lib\\tedious\\request.js:400:15)\n    at Connection.emit (node:events:508:28)\n    at Connection.emit (C:\\Users\\Franco\\Documents\\Universidad\\8vo semestre\\ModaGlobal\\Backend\\ProductoService\\node_modules\\tedious\\src\\connection.ts:1974:18)\n    at RequestTokenHandler.onErrorMessage (C:\\Users\\Franco\\Documents\\Universidad\\8vo semestre\\ModaGlobal\\Backend\\ProductoService\\node_modules\\tedious\\src\\token\\handler.ts:386:21)\n    at Readable.<anonymous> (C:\\Users\\Franco\\Documents\\Universidad\\8vo semestre\\ModaGlobal\\Backend\\ProductoService\\node_modules\\tedious\\src\\token\\token-stream-parser.ts:23:55)\n    at Readable.emit (node:events:508:28)\n    at addChunk (node:internal/streams/readable:563:12)\n    at readableAddChunkPushObjectMode (node:internal/streams/readable:540:3)\n    at Readable.push (node:internal/streams/readable:395:5)\n    at nextAsync (node:internal/streams/from:194:22)","state":1,"timestamp":"2026-04-17T01:29:11Z"}
{"level":"info","message":"Conectado exitosamente a Azure Service Bus (Tópico: tienda.productos)","servicio":"ProductoService","timestamp":"2026-04-17T01:31:24Z"}
{"level":"info","message":"ProductoService desplegado en el puerto 3002","servicio":"ProductoService","timestamp":"2026-04-17T01:31:25Z"}
{"level":"info","message":"Iniciando prueba de conexión a Azure...","servicio":"ProductoService","timestamp":"2026-04-17T01:31:25Z"}
{"level":"info","message":"Conexión establecida exitosamente con el Pool de Azure SQL.","servicio":"ProductoService","timestamp":"2026-04-17T01:31:25Z"}
{"horaAzure":"2026-04-17T07:31:27.013Z","level":"info","message":"✅ Ping a Azure exitoso. La base de datos responde correctamente.","servicio":"ProductoService","timestamp":"2026-04-17T01:31:26Z","version":"Microsoft SQL Azure (RTM) - 12..."}
{"class":15,"code":"EREQUEST","level":"error","lineNumber":4,"message":"Error obteniendo catálogo paginado Must declare the scalar variable \"@TotalRecords\".","name":"RequestError","number":137,"originalError":{"info":{"class":15,"handlerName":"onErrorMessage","lineNumber":4,"message":"Must declare the scalar variable \"@TotalRecords\".","name":"ERROR","number":137,"procName":"","serverName":"modaglobalserver","state":2}},"precedingErrors":[],"procName":"","serverName":"modaglobalserver","servicio":"ProductoService","stack":"RequestError: Must declare the scalar variable \"@TotalRecords\".\n    at handleError (C:\\Users\\Franco\\Documents\\Universidad\\8vo semestre\\ModaGlobal\\Backend\\ProductoService\\node_modules\\mssql\\lib\\tedious\\request.js:400:15)\n    at Connection.emit (node:events:508:28)\n    at Connection.emit (C:\\Users\\Franco\\Documents\\Universidad\\8vo semestre\\ModaGlobal\\Backend\\ProductoService\\node_modules\\tedious\\src\\connection.ts:1974:18)\n    at RequestTokenHandler.onErrorMessage (C:\\Users\\Franco\\Documents\\Universidad\\8vo semestre\\ModaGlobal\\Backend\\ProductoService\\node_modules\\tedious\\src\\token\\handler.ts:386:21)\n    at Readable.<anonymous> (C:\\Users\\Franco\\Documents\\Universidad\\8vo semestre\\ModaGlobal\\Backend\\ProductoService\\node_modules\\tedious\\src\\token\\token-stream-parser.ts:23:55)\n    at Readable.emit (node:events:508:28)\n    at addChunk (node:internal/streams/readable:563:12)\n    at readableAddChunkPushObjectMode (node:internal/streams/readable:540:3)\n    at Readable.push (node:internal/streams/readable:395:5)\n    at nextAsync (node:internal/streams/from:194:22)","state":2,"timestamp":"2026-04-17T01:31:28Z"}
{"class":15,"code":"EREQUEST","level":"error","lineNumber":4,"message":"Error obteniendo catálogo paginado Must declare the scalar variable \"@TotalRecords\".","name":"RequestError","number":137,"originalError":{"info":{"class":15,"handlerName":"onErrorMessage","lineNumber":4,"message":"Must declare the scalar variable \"@TotalRecords\".","name":"ERROR","number":137,"procName":"","serverName":"modaglobalserver","state":2}},"precedingErrors":[],"procName":"","serverName":"modaglobalserver","servicio":"ProductoService","stack":"RequestError: Must declare the scalar variable \"@TotalRecords\".\n    at handleError (C:\\Users\\Franco\\Documents\\Universidad\\8vo semestre\\ModaGlobal\\Backend\\ProductoService\\node_modules\\mssql\\lib\\tedious\\request.js:400:15)\n    at Connection.emit (node:events:508:28)\n    at Connection.emit (C:\\Users\\Franco\\Documents\\Universidad\\8vo semestre\\ModaGlobal\\Backend\\ProductoService\\node_modules\\tedious\\src\\connection.ts:1974:18)\n    at RequestTokenHandler.onErrorMessage (C:\\Users\\Franco\\Documents\\Universidad\\8vo semestre\\ModaGlobal\\Backend\\ProductoService\\node_modules\\tedious\\src\\token\\handler.ts:386:21)\n    at Readable.<anonymous> (C:\\Users\\Franco\\Documents\\Universidad\\8vo semestre\\ModaGlobal\\Backend\\ProductoService\\node_modules\\tedious\\src\\token\\token-stream-parser.ts:23:55)\n    at Readable.emit (node:events:508:28)\n    at addChunk (node:internal/streams/readable:563:12)\n    at readableAddChunkPushObjectMode (node:internal/streams/readable:540:3)\n    at Readable.push (node:internal/streams/readable:395:5)\n    at nextAsync (node:internal/streams/from:194:22)","state":2,"timestamp":"2026-04-17T01:31:28Z"}
{"level":"info","message":"Conectado exitosamente a Azure Service Bus (Tópico: tienda.productos)","servicio":"ProductoService","timestamp":"2026-04-17T01:32:12Z"}
{"level":"info","message":"ProductoService desplegado en el puerto 3002","servicio":"ProductoService","timestamp":"2026-04-17T01:32:13Z"}
{"level":"info","message":"Iniciando prueba de conexión a Azure...","servicio":"ProductoService","timestamp":"2026-04-17T01:32:13Z"}
{"level":"info","message":"Conexión establecida exitosamente con el Pool de Azure SQL.","servicio":"ProductoService","timestamp":"2026-04-17T01:32:13Z"}
{"horaAzure":"2026-04-17T07:32:14.683Z","level":"info","message":"✅ Ping a Azure exitoso. La base de datos responde correctamente.","servicio":"ProductoService","timestamp":"2026-04-17T01:32:14Z","version":"Microsoft SQL Azure (RTM) - 12..."}
{"level":"info","message":"Conectado exitosamente a Azure Service Bus (Tópico: tienda.productos)","servicio":"ProductoService","timestamp":"2026-04-17T01:33:10Z"}
{"level":"info","message":"ProductoService desplegado en el puerto 3002","servicio":"ProductoService","timestamp":"2026-04-17T01:33:10Z"}
{"level":"info","message":"Iniciando prueba de conexión a Azure...","servicio":"ProductoService","timestamp":"2026-04-17T01:33:10Z"}
{"level":"info","message":"Conexión establecida exitosamente con el Pool de Azure SQL.","servicio":"ProductoService","timestamp":"2026-04-17T01:33:10Z"}
{"horaAzure":"2026-04-17T07:33:11.537Z","level":"info","message":"✅ Ping a Azure exitoso. La base de datos responde correctamente.","servicio":"ProductoService","timestamp":"2026-04-17T01:33:11Z","version":"Microsoft SQL Azure (RTM) - 12..."}
