{"level":"info","message":"Microservicio de Inventario (TS) inicializado y escuchando en puerto 3001","servicio":"InventarioService","timestamp":"2026-04-15T18:30:56Z"}
{"level":"error","message":"BLOQUEO: Intento de bypass de Gateway desde IP: ::1","servicio":"InventarioService","timestamp":"2026-04-15T18:31:11Z"}
{"level":"error","message":"BLOQUEO: Intento de bypass de Gateway desde IP: ::1","servicio":"InventarioService","timestamp":"2026-04-15T18:33:16Z"}
{"level":"error","message":"BLOQUEO: Intento de bypass de Gateway desde IP: ::1","servicio":"InventarioService","timestamp":"2026-04-15T18:43:11Z"}
{"level":"info","message":"Microservicio de Inventario (TS) inicializado y escuchando en puerto 3001","servicio":"InventarioService","timestamp":"2026-04-15T18:46:53Z"}
{"level":"info","message":"Consultando stock para el producto: prod-001","servicio":"InventarioService","timestamp":"2026-04-15T18:47:09Z"}
{"level":"info","message":"Microservicio de Inventario (TS) inicializado y escuchando en puerto 3001","servicio":"InventarioService","timestamp":"2026-04-15T18:51:49Z"}
{"level":"info","message":"Consultando stock para el producto: prod-001","servicio":"InventarioService","timestamp":"2026-04-15T18:58:10Z"}
{"level":"info","message":"Microservicio de Inventario (TS) inicializado y escuchando en puerto 3001","servicio":"InventarioService","timestamp":"2026-04-15T22:26:42Z"}
{"level":"info","message":"Consultando stock para el producto: prod-001","servicio":"InventarioService","timestamp":"2026-04-15T22:28:52Z"}
{"level":"info","message":"Consultando stock para el producto: prod-001","servicio":"InventarioService","timestamp":"2026-04-15T22:30:44Z"}
{"level":"info","message":"Microservicio de Inventario (TS) inicializado y escuchando en puerto 3001","servicio":"InventarioService","timestamp":"2026-04-16T11:58:37Z"}
{"level":"info","message":"📦 InventoryService iniciado en puerto 3001","servicio":"InventarioService","timestamp":"2026-04-16T13:44:17Z"}
{"level":"error","message":"Falta AZURE_SERVICEBUS_CONNECTION_STRING. El escuchador no iniciará.","servicio":"InventarioService","timestamp":"2026-04-16T13:44:17Z"}
{"level":"info","message":"Conexión establecida exitosamente con el Pool de Azure SQL.","servicio":"InventarioService","timestamp":"2026-04-16T13:44:17Z"}
{"level":"info","message":"📦 InventoryService iniciado en puerto 3001","servicio":"InventarioService","timestamp":"2026-04-16T13:46:08Z"}
{"level":"info","message":"🎧 Inventario escuchando eventos en Tópico: tienda.productos | Sub: sub-inventarios","servicio":"InventarioService","timestamp":"2026-04-16T13:46:08Z"}
{"level":"info","message":"Conexión establecida exitosamente con el Pool de Azure SQL.","servicio":"InventarioService","timestamp":"2026-04-16T13:46:08Z"}
{"level":"error","message":"BLOQUEO: Intento de bypass de Gateway desde IP: ::ffff:127.0.0.1","servicio":"InventarioService","timestamp":"2026-04-16T13:49:30Z"}
{"level":"error","message":"Error en la conexión con Service Bus: RequestError: The INSERT statement conflicted with the FOREIGN KEY constraint \"FK_movimientos_inventarios\". The conflict occurred in database \"modaglobal_inventarios\", table \"dbo.inventarios\", column 'id_inventario'.","servicio":"InventarioService","timestamp":"2026-04-16T13:57:55Z"}
{"level":"error","message":"Error en la conexión con Service Bus: RequestError: The INSERT statement conflicted with the FOREIGN KEY constraint \"FK_movimientos_inventarios\". The conflict occurred in database \"modaglobal_inventarios\", table \"dbo.inventarios\", column 'id_inventario'.","servicio":"InventarioService","timestamp":"2026-04-16T13:57:55Z"}
{"level":"error","message":"Error en la conexión con Service Bus: RequestError: The INSERT statement conflicted with the FOREIGN KEY constraint \"FK_movimientos_inventarios\". The conflict occurred in database \"modaglobal_inventarios\", table \"dbo.inventarios\", column 'id_inventario'.","servicio":"InventarioService","timestamp":"2026-04-16T13:57:55Z"}
{"level":"error","message":"Error en la conexión con Service Bus: RequestError: The INSERT statement conflicted with the FOREIGN KEY constraint \"FK_movimientos_inventarios\". The conflict occurred in database \"modaglobal_inventarios\", table \"dbo.inventarios\", column 'id_inventario'.","servicio":"InventarioService","timestamp":"2026-04-16T13:57:55Z"}
{"level":"error","message":"Error en la conexión con Service Bus: RequestError: The INSERT statement conflicted with the FOREIGN KEY constraint \"FK_movimientos_inventarios\". The conflict occurred in database \"modaglobal_inventarios\", table \"dbo.inventarios\", column 'id_inventario'.","servicio":"InventarioService","timestamp":"2026-04-16T13:57:56Z"}
{"level":"error","message":"Error en la conexión con Service Bus: RequestError: The INSERT statement conflicted with the FOREIGN KEY constraint \"FK_movimientos_inventarios\". The conflict occurred in database \"modaglobal_inventarios\", table \"dbo.inventarios\", column 'id_inventario'.","servicio":"InventarioService","timestamp":"2026-04-16T13:57:56Z"}
{"level":"error","message":"Error en la conexión con Service Bus: RequestError: The INSERT statement conflicted with the FOREIGN KEY constraint \"FK_movimientos_inventarios\". The conflict occurred in database \"modaglobal_inventarios\", table \"dbo.inventarios\", column 'id_inventario'.","servicio":"InventarioService","timestamp":"2026-04-16T13:57:56Z"}
{"level":"error","message":"Error en la conexión con Service Bus: RequestError: The INSERT statement conflicted with the FOREIGN KEY constraint \"FK_movimientos_inventarios\". The conflict occurred in database \"modaglobal_inventarios\", table \"dbo.inventarios\", column 'id_inventario'.","servicio":"InventarioService","timestamp":"2026-04-16T13:57:56Z"}
{"level":"error","message":"Error en la conexión con Service Bus: RequestError: The INSERT statement conflicted with the FOREIGN KEY constraint \"FK_movimientos_inventarios\". The conflict occurred in database \"modaglobal_inventarios\", table \"dbo.inventarios\", column 'id_inventario'.","servicio":"InventarioService","timestamp":"2026-04-16T13:57:56Z"}
{"level":"error","message":"Error en la conexión con Service Bus: RequestError: The INSERT statement conflicted with the FOREIGN KEY constraint \"FK_movimientos_inventarios\". The conflict occurred in database \"modaglobal_inventarios\", table \"dbo.inventarios\", column 'id_inventario'.","servicio":"InventarioService","timestamp":"2026-04-16T13:57:57Z"}
{"level":"error","message":"Error en la conexión con Service Bus: RequestError: The INSERT statement conflicted with the FOREIGN KEY constraint \"FK_movimientos_inventarios\". The conflict occurred in database \"modaglobal_inventarios\", table \"dbo.inventarios\", column 'id_inventario'.","servicio":"InventarioService","timestamp":"2026-04-16T14:03:52Z"}
{"level":"error","message":"Error en la conexión con Service Bus: RequestError: The INSERT statement conflicted with the FOREIGN KEY constraint \"FK_movimientos_inventarios\". The conflict occurred in database \"modaglobal_inventarios\", table \"dbo.inventarios\", column 'id_inventario'.","servicio":"InventarioService","timestamp":"2026-04-16T14:03:52Z"}
{"level":"error","message":"Error en la conexión con Service Bus: RequestError: The INSERT statement conflicted with the FOREIGN KEY constraint \"FK_movimientos_inventarios\". The conflict occurred in database \"modaglobal_inventarios\", table \"dbo.inventarios\", column 'id_inventario'.","servicio":"InventarioService","timestamp":"2026-04-16T14:03:52Z"}
{"level":"error","message":"Error en la conexión con Service Bus: RequestError: The INSERT statement conflicted with the FOREIGN KEY constraint \"FK_movimientos_inventarios\". The conflict occurred in database \"modaglobal_inventarios\", table \"dbo.inventarios\", column 'id_inventario'.","servicio":"InventarioService","timestamp":"2026-04-16T14:03:52Z"}
{"level":"error","message":"Error en la conexión con Service Bus: RequestError: The INSERT statement conflicted with the FOREIGN KEY constraint \"FK_movimientos_inventarios\". The conflict occurred in database \"modaglobal_inventarios\", table \"dbo.inventarios\", column 'id_inventario'.","servicio":"InventarioService","timestamp":"2026-04-16T14:03:52Z"}
{"level":"error","message":"Error en la conexión con Service Bus: RequestError: The INSERT statement conflicted with the FOREIGN KEY constraint \"FK_movimientos_inventarios\". The conflict occurred in database \"modaglobal_inventarios\", table \"dbo.inventarios\", column 'id_inventario'.","servicio":"InventarioService","timestamp":"2026-04-16T14:03:53Z"}
{"level":"error","message":"Error en la conexión con Service Bus: RequestError: The INSERT statement conflicted with the FOREIGN KEY constraint \"FK_movimientos_inventarios\". The conflict occurred in database \"modaglobal_inventarios\", table \"dbo.inventarios\", column 'id_inventario'.","servicio":"InventarioService","timestamp":"2026-04-16T14:03:53Z"}
{"level":"error","message":"Error en la conexión con Service Bus: RequestError: The INSERT statement conflicted with the FOREIGN KEY constraint \"FK_movimientos_inventarios\". The conflict occurred in database \"modaglobal_inventarios\", table \"dbo.inventarios\", column 'id_inventario'.","servicio":"InventarioService","timestamp":"2026-04-16T14:03:53Z"}
{"level":"error","message":"Error en la conexión con Service Bus: RequestError: The INSERT statement conflicted with the FOREIGN KEY constraint \"FK_movimientos_inventarios\". The conflict occurred in database \"modaglobal_inventarios\", table \"dbo.inventarios\", column 'id_inventario'.","servicio":"InventarioService","timestamp":"2026-04-16T14:03:53Z"}
{"level":"error","message":"Error en la conexión con Service Bus: RequestError: The INSERT statement conflicted with the FOREIGN KEY constraint \"FK_movimientos_inventarios\". The conflict occurred in database \"modaglobal_inventarios\", table \"dbo.inventarios\", column 'id_inventario'.","servicio":"InventarioService","timestamp":"2026-04-16T14:03:54Z"}
{"level":"info","message":"📦 InventoryService iniciado en puerto 3001","servicio":"InventarioService","timestamp":"2026-04-16T14:04:08Z"}
{"level":"info","message":"🎧 Inventario escuchando eventos en Tópico: tienda.productos | Sub: sub-inventarios","servicio":"InventarioService","timestamp":"2026-04-16T14:04:08Z"}
{"level":"info","message":"Conexión establecida exitosamente con el Pool de Azure SQL.","servicio":"InventarioService","timestamp":"2026-04-16T14:04:08Z"}
{"class":16,"code":"EREQUEST","level":"error","lineNumber":11,"message":"❌ Error procesando evento de inventario: Cannot insert the value NULL into column 'id_tienda', table 'modaglobal_inventarios.dbo.inventarios'; column does not allow nulls. INSERT fails.","name":"RequestError","number":515,"originalError":{"info":{"class":16,"handlerName":"onErrorMessage","lineNumber":11,"message":"Cannot insert the value NULL into column 'id_tienda', table 'modaglobal_inventarios.dbo.inventarios'; column does not allow nulls. INSERT fails.","name":"ERROR","number":515,"procName":"","serverName":"modaglobalserver","state":2}},"precedingErrors":[],"procName":"","serverName":"modaglobalserver","servicio":"InventarioService","stack":"RequestError: Cannot insert the value NULL into column 'id_tienda', table 'modaglobal_inventarios.dbo.inventarios'; column does not allow nulls. INSERT fails.\n    at handleError (C:\\Users\\Franco\\Documents\\Universidad\\8vo semestre\\ModaGlobal\\Backend\\InventarioService\\node_modules\\mssql\\lib\\tedious\\request.js:400:15)\n    at Connection.emit (node:events:508:28)\n    at Connection.emit (node:domain:489:12)\n    at Connection.emit (C:\\Users\\Franco\\Documents\\Universidad\\8vo semestre\\ModaGlobal\\Backend\\InventarioService\\node_modules\\tedious\\src\\connection.ts:1974:18)\n    at RequestTokenHandler.onErrorMessage (C:\\Users\\Franco\\Documents\\Universidad\\8vo semestre\\ModaGlobal\\Backend\\InventarioService\\node_modules\\tedious\\src\\token\\handler.ts:386:21)\n    at Readable.<anonymous> (C:\\Users\\Franco\\Documents\\Universidad\\8vo semestre\\ModaGlobal\\Backend\\InventarioService\\node_modules\\tedious\\src\\token\\token-stream-parser.ts:23:55)\n    at Readable.emit (node:events:508:28)\n    at Readable.emit (node:domain:489:12)\n    at addChunk (node:internal/streams/readable:563:12)\n    at readableAddChunkPushObjectMode (node:internal/streams/readable:540:3)","state":2,"timestamp":"2026-04-16T14:04:29Z"}
{"level":"info","message":"📦 InventoryService iniciado en puerto 3001","servicio":"InventarioService","timestamp":"2026-04-16T14:20:17Z"}
{"level":"info","message":"🎧 Inventario escuchando eventos en Tópico: tienda.productos | Sub: sub-inventarios","servicio":"InventarioService","timestamp":"2026-04-16T14:20:17Z"}
{"level":"info","message":"Conexión establecida exitosamente con el Pool de Azure SQL.","servicio":"InventarioService","timestamp":"2026-04-16T14:20:17Z"}
{"class":16,"code":"EREQUEST","level":"error","lineNumber":11,"message":"❌ Error procesando evento de inventario: The INSERT statement conflicted with the FOREIGN KEY constraint \"FK_inventarios_tiendas\". The conflict occurred in database \"modaglobal_inventarios\", table \"dbo.tiendas\", column 'id_tienda'.","name":"RequestError","number":547,"originalError":{"info":{"class":16,"handlerName":"onErrorMessage","lineNumber":11,"message":"The INSERT statement conflicted with the FOREIGN KEY constraint \"FK_inventarios_tiendas\". The conflict occurred in database \"modaglobal_inventarios\", table \"dbo.tiendas\", column 'id_tienda'.","name":"ERROR","number":547,"procName":"","serverName":"modaglobalserver","state":0}},"precedingErrors":[],"procName":"","serverName":"modaglobalserver","servicio":"InventarioService","stack":"RequestError: The INSERT statement conflicted with the FOREIGN KEY constraint \"FK_inventarios_tiendas\". The conflict occurred in database \"modaglobal_inventarios\", table \"dbo.tiendas\", column 'id_tienda'.\n    at handleError (C:\\Users\\Franco\\Documents\\Universidad\\8vo semestre\\ModaGlobal\\Backend\\InventarioService\\node_modules\\mssql\\lib\\tedious\\request.js:400:15)\n    at Connection.emit (node:events:508:28)\n    at Connection.emit (node:domain:489:12)\n    at Connection.emit (C:\\Users\\Franco\\Documents\\Universidad\\8vo semestre\\ModaGlobal\\Backend\\InventarioService\\node_modules\\tedious\\src\\connection.ts:1974:18)\n    at RequestTokenHandler.onErrorMessage (C:\\Users\\Franco\\Documents\\Universidad\\8vo semestre\\ModaGlobal\\Backend\\InventarioService\\node_modules\\tedious\\src\\token\\handler.ts:386:21)\n    at Readable.<anonymous> (C:\\Users\\Franco\\Documents\\Universidad\\8vo semestre\\ModaGlobal\\Backend\\InventarioService\\node_modules\\tedious\\src\\token\\token-stream-parser.ts:23:55)\n    at Readable.emit (node:events:508:28)\n    at Readable.emit (node:domain:489:12)\n    at addChunk (node:internal/streams/readable:563:12)\n    at readableAddChunkPushObjectMode (node:internal/streams/readable:540:3)","timestamp":"2026-04-16T14:20:19Z"}
{"level":"info","message":"📦 InventoryService iniciado en puerto 3001","servicio":"InventarioService","timestamp":"2026-04-16T14:22:27Z"}
{"level":"info","message":"🎧 Inventario escuchando eventos en Tópico: tienda.productos | Sub: sub-inventarios","servicio":"InventarioService","timestamp":"2026-04-16T14:22:27Z"}
{"level":"info","message":"Conexión establecida exitosamente con el Pool de Azure SQL.","servicio":"InventarioService","timestamp":"2026-04-16T14:22:27Z"}
{"level":"info","message":"✅ Stock inicial procesado para producto prod-41f051d0 en tienda tnd-chiapas-01","servicio":"InventarioService","timestamp":"2026-04-16T14:24:51Z"}
{"level":"info","message":"✅ Stock inicial procesado para producto prod-145bcd05 en tienda tnd-chiapas-01","servicio":"InventarioService","timestamp":"2026-04-16T14:29:01Z"}
{"level":"info","message":"✅ Stock inicial procesado para producto prod-95190b9f en tienda tnd-chiapas-01","servicio":"InventarioService","timestamp":"2026-04-16T14:29:18Z"}
{"level":"info","message":"✅ Stock inicial procesado para producto prod-e0528f9b en tienda tnd-chiapas-01","servicio":"InventarioService","timestamp":"2026-04-16T14:29:26Z"}
{"level":"info","message":"✅ Stock inicial procesado para producto prod-581d6905 en tienda tnd-chiapas-01","servicio":"InventarioService","timestamp":"2026-04-16T14:29:35Z"}
{"level":"info","message":"✅ Stock inicial procesado para producto prod-e345ae87 en tienda tnd-chiapas-01","servicio":"InventarioService","timestamp":"2026-04-16T15:18:14Z"}
{"level":"info","message":"📦 InventoryService iniciado en puerto 3001","servicio":"InventarioService","timestamp":"2026-04-19T13:37:08Z"}
{"level":"info","message":"🎧 Inventario escuchando eventos en Tópico: tienda.productos | Sub: sub-inventarios","servicio":"InventarioService","timestamp":"2026-04-19T13:37:08Z"}
{"level":"info","message":"Conexión establecida exitosamente con el Pool de Azure SQL.","servicio":"InventarioService","timestamp":"2026-04-19T13:37:09Z"}
